<?xml version="1.0" encoding="UTF-8"?>
<testsuite xmlns:xsi="http://www.w3.org/2001/XMLSchema-instance" xsi:noNamespaceSchemaLocation="https://maven.apache.org/surefire/maven-surefire-plugin/xsd/surefire-test-report.xsd" name="AFPA.CDA06.demo.SocietyTest" time="0.036" tests="7" errors="0" skipped="0" failures="0">
  <properties>
[...]
</properties>
  <testcase name="invalidFormatMail{String}[1]" classname="AFPA.CDA06.demo.SocietyTest" time="0.017"/>
  <testcase name="invalidFormatMail{String}[2]" classname="AFPA.CDA06.demo.SocietyTest" time="0.001"/>
  <testcase name="invalidFormatMail{String}[3]" classname="AFPA.CDA06.demo.SocietyTest" time="0.001"/>
  <testcase name="invalidFormatMail{String}[4]" classname="AFPA.CDA06.demo.SocietyTest" time="0.001"/>
  <testcase name="invalidFormatMail{String}[5]" classname="AFPA.CDA06.demo.SocietyTest" time="0.001"/>
  <testcase name="invalidFormatMail{String}[6]" classname="AFPA.CDA06.demo.SocietyTest" time="0.001"/>
  <testcase name="valueNullOrEmptyCompagnyName" classname="AFPA.CDA06.demo.SocietyTest" time="0.001"/>
</testsuite>